2021-08-04 00:51:40 DEBUG class:13 - Inside ADMIN MAIN
2021-08-04 00:51:46 DEBUG class:15 - Inside STATE ADMIN
2021-08-04 00:51:51 DEBUG class:17 - Inside SAVE STATE CONTROLLER
2021-08-04 00:51:51 DEBUG class:17 - Inside SAVE STATE UTIL
2021-08-04 00:51:51 INFO  class:35 - State created successfully... :)
2021-08-04 00:51:56 DEBUG class:23 - Inside READ ALL STATE CONTROLLER
2021-08-04 00:51:56 DEBUG class:23 - Inside READ ALL STATE UTIL
2021-08-04 00:52:06 DEBUG class:13 - Inside ADMIN MAIN
2021-08-04 00:52:08 DEBUG class:15 - Inside STATE ADMIN
2021-08-04 00:52:14 DEBUG class:17 - Inside SAVE STATE CONTROLLER
2021-08-04 00:52:14 DEBUG class:17 - Inside SAVE STATE UTIL
2021-08-04 00:52:14 INFO  class:35 - State created successfully... :)
2021-08-04 00:52:18 DEBUG class:30 - Inside READ STATE CONTROLLER
2021-08-04 00:52:18 DEBUG class:30 - Inside READ STATE UTIL
2021-08-04 00:52:22 DEBUG class:23 - Inside READ ALL STATE CONTROLLER
2021-08-04 00:52:22 DEBUG class:23 - Inside READ ALL STATE UTIL
2021-08-04 00:52:30 DEBUG class:37 - Inside UPDATE STATE CONTROLLER
2021-08-04 00:52:30 DEBUG class:37 - Inside UPDATE STATE UTIL
2021-08-04 00:52:30 INFO  class:57 - State Updated successfully... :)
2021-08-04 00:52:32 DEBUG class:23 - Inside READ ALL STATE CONTROLLER
2021-08-04 00:52:32 DEBUG class:23 - Inside READ ALL STATE UTIL
2021-08-04 00:52:36 DEBUG class:44 - Inside DELETE STATE CONTROLLER
2021-08-04 00:52:36 DEBUG class:44 - Inside DELETE STATE UTIL
2021-08-04 00:52:36 INFO  class:63 - State Deleted successfully... :)
2021-08-04 00:52:42 DEBUG class:23 - Inside READ ALL STATE CONTROLLER
2021-08-04 00:52:42 DEBUG class:23 - Inside READ ALL STATE UTIL
2021-08-04 00:52:54 DEBUG class:13 - Inside ADMIN MAIN
2021-08-04 00:52:56 DEBUG class:15 - Inside STATE ADMIN
2021-08-04 00:53:01 DEBUG class:17 - Inside SAVE STATE CONTROLLER
2021-08-04 00:53:01 DEBUG class:17 - Inside SAVE STATE UTIL
2021-08-04 00:53:01 INFO  class:35 - State created successfully... :)
2021-08-04 00:53:05 DEBUG class:15 - Inside CITY ADMIN
2021-08-04 00:54:05 DEBUG class:13 - Inside ADMIN MAIN
2021-08-04 00:54:08 DEBUG class:15 - Inside STATE ADMIN
2021-08-04 00:54:15 DEBUG class:17 - Inside SAVE STATE CONTROLLER
2021-08-04 00:54:15 DEBUG class:17 - Inside SAVE STATE UTIL
2021-08-04 00:54:15 INFO  class:35 - State created successfully... :)
2021-08-04 00:54:18 DEBUG class:15 - Inside CITY ADMIN
2021-08-04 00:55:08 DEBUG class:13 - Inside ADMIN MAIN
2021-08-04 00:55:10 DEBUG class:15 - Inside STATE ADMIN
2021-08-04 00:55:17 DEBUG class:17 - Inside SAVE STATE CONTROLLER
2021-08-04 00:55:17 DEBUG class:17 - Inside SAVE STATE UTIL
2021-08-04 00:55:17 INFO  class:35 - State created successfully... :)
2021-08-04 00:55:23 DEBUG class:15 - Inside CITY ADMIN
2021-08-04 00:57:06 DEBUG class:13 - Inside ADMIN MAIN
2021-08-04 00:57:09 DEBUG class:15 - Inside STATE ADMIN
2021-08-04 00:57:15 DEBUG class:15 - Inside CITY ADMIN
2021-08-04 00:57:21 DEBUG class:16 - Inside SAVE CITY CONTROLLER
2021-08-04 00:57:21 DEBUG class:16 - Inside SAVE CITY UTIL
2021-08-04 00:57:47 DEBUG class:13 - Inside ADMIN MAIN
2021-08-04 00:57:54 DEBUG class:15 - Inside CITY ADMIN
2021-08-04 01:00:39 DEBUG class:13 - Inside ADMIN MAIN
2021-08-04 01:00:42 DEBUG class:15 - Inside STATE ADMIN
2021-08-04 01:00:47 DEBUG class:17 - Inside SAVE STATE CONTROLLER
2021-08-04 01:00:47 DEBUG class:17 - Inside SAVE STATE UTIL
2021-08-04 01:00:47 INFO  class:35 - State created successfully... :)
2021-08-04 01:00:50 DEBUG class:15 - Inside CITY ADMIN
2021-08-04 01:01:01 DEBUG class:16 - Inside SAVE CITY CONTROLLER
2021-08-04 01:01:01 DEBUG class:16 - Inside SAVE CITY UTIL
2021-08-04 01:01:01 INFO  class:37 - City created successfully... :)
2021-08-04 01:01:13 DEBUG class:28 - Inside READ CITY CONTROLLER
2021-08-04 01:01:13 DEBUG class:28 - Inside READ CITY UTIL
2021-08-04 01:01:17 DEBUG class:22 - Inside READ ALL CITY CONTROLLER
2021-08-04 01:01:17 DEBUG class:22 - Inside READ ALL CITY UTIL
2021-08-04 01:01:29 DEBUG class:34 - Inside UPDATE CITY CONTROLLER
2021-08-04 01:01:29 DEBUG class:34 - Inside UPDATE CITY UTIL
2021-08-04 01:01:29 INFO  class:61 - City Updated successfully... :)
2021-08-04 01:01:32 DEBUG class:22 - Inside READ ALL CITY CONTROLLER
2021-08-04 01:01:32 DEBUG class:22 - Inside READ ALL CITY UTIL
2021-08-04 01:01:38 DEBUG class:40 - Inside DELETE CITY CONTROLLER
2021-08-04 01:01:38 DEBUG class:40 - Inside DELETE CITY UTIL
2021-08-04 01:01:38 INFO  class:67 - City Deleted successfully... :)
2021-08-04 01:01:45 DEBUG class:40 - Inside DELETE CITY CONTROLLER
2021-08-04 01:01:45 DEBUG class:40 - Inside DELETE CITY UTIL
2021-08-04 01:01:53 DEBUG class:13 - Inside ADMIN MAIN
2021-08-04 01:01:55 DEBUG class:15 - Inside STATE ADMIN
2021-08-04 01:01:59 DEBUG class:17 - Inside SAVE STATE CONTROLLER
2021-08-04 01:01:59 DEBUG class:17 - Inside SAVE STATE UTIL
2021-08-04 01:01:59 INFO  class:35 - State created successfully... :)
2021-08-04 01:02:01 DEBUG class:44 - Inside DELETE STATE CONTROLLER
2021-08-04 01:02:01 DEBUG class:44 - Inside DELETE STATE UTIL
2021-08-04 01:16:27 DEBUG class:13 - Inside ADMIN MAIN
2021-08-04 01:23:25 DEBUG class:13 - Inside ADMIN MAIN
2021-08-04 01:23:29 DEBUG class:15 - Inside STATE ADMIN
2021-08-04 01:23:41 WARN  class:12 - Inside CUSTOM EXCEPTION CLASS
